<?xml version="1.0" encoding="UTF-8"?>
<!-- Generated by org.testng.reporters.JUnitReportReporter -->
<testsuite hostname="DESKTOP-GUNIGD1" failures="0" tests="1" name="assignment.Test123" time="13.413" errors="0" timestamp="2023-02-24T14:26:32 IST" skipped="0">
  <testcase classname="assignment.Test123" name="reg" time="13.413"/>
  <system-out/>
</testsuite> <!-- assignment.Test123 -->
