<?xml version="1.0" encoding="UTF-8"?>
<!-- Generated by org.testng.reporters.JUnitReportReporter -->
<testsuite hostname="DESKTOP-GUNIGD1" failures="0" tests="1" name="assignment.Test111" time="15.296" errors="0" timestamp="2023-02-24T14:05:46 IST" skipped="0">
  <testcase classname="assignment.Test111" name="reg" time="15.296"/>
  <system-out/>
</testsuite> <!-- assignment.Test111 -->
